2018-11-27T08:21:43+00:00 CRITICAL Uncaught Error: Call to undefined function nls_page_layout_swap_setting() in /home/ekari4io/public_html/education-first/wp-content/plugins/newsletter-subscription-form/options/option-data.php:27
Stack trace:
#0 /home/ekari4io/public_html/education-first/wp-content/plugins/newsletter-subscription-form/options/option-panel.php(148): require_once()
#1 /home/ekari4io/public_html/education-first/wp-includes/class-wp-hook.php(286): nls_option_panal_function('')
#2 /home/ekari4io/public_html/education-first/wp-includes/class-wp-hook.php(310): WP_Hook->apply_filters('', Array)
#3 /home/ekari4io/public_html/education-first/wp-includes/plugin.php(453): WP_Hook->do_action(Array)
#4 /home/ekari4io/public_html/education-first/wp-admin/admin.php(224): do_action('toplevel_page_n...')
#5 {main}
  thrown in /home/ekari4io/public_html/education-first/wp-content/plugins/newsletter-subscription-form/options/option-data.php on line 27

2018-11-27T08:23:09+00:00 CRITICAL Uncaught Error: Call to undefined function nls_page_layout_swap_setting() in /home/ekari4io/public_html/education-first/wp-content/plugins/newsletter-subscription-form/options/option-data.php:27
Stack trace:
#0 /home/ekari4io/public_html/education-first/wp-content/plugins/newsletter-subscription-form/options/option-panel.php(148): require_once()
#1 /home/ekari4io/public_html/education-first/wp-includes/class-wp-hook.php(286): nls_option_panal_function('')
#2 /home/ekari4io/public_html/education-first/wp-includes/class-wp-hook.php(310): WP_Hook->apply_filters('', Array)
#3 /home/ekari4io/public_html/education-first/wp-includes/plugin.php(453): WP_Hook->do_action(Array)
#4 /home/ekari4io/public_html/education-first/wp-admin/admin.php(224): do_action('toplevel_page_n...')
#5 {main}
  thrown in /home/ekari4io/public_html/education-first/wp-content/plugins/newsletter-subscription-form/options/option-data.php on line 27

2018-11-27T08:26:31+00:00 CRITICAL Uncaught Error: Call to undefined function nls_page_layout_swap_setting() in /home/ekari4io/public_html/education-first/wp-content/plugins/newsletter-subscription-form/options/option-data.php:27
Stack trace:
#0 /home/ekari4io/public_html/education-first/wp-content/plugins/newsletter-subscription-form/options/option-panel.php(148): require_once()
#1 /home/ekari4io/public_html/education-first/wp-includes/class-wp-hook.php(286): nls_option_panal_function('')
#2 /home/ekari4io/public_html/education-first/wp-includes/class-wp-hook.php(310): WP_Hook->apply_filters('', Array)
#3 /home/ekari4io/public_html/education-first/wp-includes/plugin.php(453): WP_Hook->do_action(Array)
#4 /home/ekari4io/public_html/education-first/wp-admin/admin.php(224): do_action('toplevel_page_n...')
#5 {main}
  thrown in /home/ekari4io/public_html/education-first/wp-content/plugins/newsletter-subscription-form/options/option-data.php on line 27

2018-11-27T09:18:28+00:00 CRITICAL Uncaught Error: Call to undefined function nls_page_layout_swap_setting() in /home/ekari4io/public_html/education-first/wp-content/plugins/newsletter-subscription-form/options/option-data.php:27
Stack trace:
#0 /home/ekari4io/public_html/education-first/wp-content/plugins/newsletter-subscription-form/options/option-panel.php(148): require_once()
#1 /home/ekari4io/public_html/education-first/wp-includes/class-wp-hook.php(286): nls_option_panal_function('')
#2 /home/ekari4io/public_html/education-first/wp-includes/class-wp-hook.php(310): WP_Hook->apply_filters('', Array)
#3 /home/ekari4io/public_html/education-first/wp-includes/plugin.php(453): WP_Hook->do_action(Array)
#4 /home/ekari4io/public_html/education-first/wp-admin/admin.php(224): do_action('toplevel_page_n...')
#5 {main}
  thrown in /home/ekari4io/public_html/education-first/wp-content/plugins/newsletter-subscription-form/options/option-data.php on line 27

